This file contains any messages produced by compilers while
running configure, to aid debugging if configure makes a mistake.

It was created by gpvdm configure 4.80, which was
generated by GNU Autoconf 2.69.  Invocation command line was

  $ ./configure CPPFLAGS=-I/usr/include/

## --------- ##
## Platform. ##
## --------- ##

hostname = rodlinuxbox
uname -m = x86_64
uname -r = 4.13.5-100.fc25.x86_64+debug
uname -s = Linux
uname -v = #1 SMP Fri Oct 6 00:43:06 UTC 2017

/usr/bin/uname -p = x86_64
/bin/uname -X     = unknown

/bin/arch              = x86_64
/usr/bin/arch -k       = unknown
/usr/convex/getsysinfo = unknown
/usr/bin/hostinfo      = unknown
/bin/machine           = unknown
/usr/bin/oslevel       = unknown
/bin/universe          = unknown

PATH: /usr/lib64/qt-3.3/bin
PATH: /usr/local/bin
PATH: /usr/local/sbin
PATH: /usr/bin
PATH: /usr/sbin
PATH: /home/rod/.local/bin
PATH: /home/rod/bin


## ----------- ##
## Core tests. ##
## ----------- ##

configure:2240: checking build system type
configure:2254: result: x86_64-unknown-linux-gnu
configure:2274: checking host system type
configure:2287: result: x86_64-unknown-linux-gnu
configure:2307: checking target system type
configure:2320: result: x86_64-unknown-linux-gnu
configure:2349: x86_64-unknown-linux-gnu
configure:2351: 
configure:2353: x86_64
configure:2355: unknown
configure:2357: linux-gnu
configure:2508: checking for gcc
configure:2524: found /usr/bin/gcc
configure:2535: result: gcc
configure:2764: checking for C compiler version
configure:2773: gcc --version >&5
gcc (GCC) 6.4.1 20170727 (Red Hat 6.4.1-1)
Copyright (C) 2017 Free Software Foundation, Inc.
This is free software; see the source for copying conditions.  There is NO
warranty; not even for MERCHANTABILITY or FITNESS FOR A PARTICULAR PURPOSE.

configure:2784: $? = 0
configure:2773: gcc -v >&5
Using built-in specs.
COLLECT_GCC=gcc
COLLECT_LTO_WRAPPER=/usr/libexec/gcc/x86_64-redhat-linux/6.4.1/lto-wrapper
Target: x86_64-redhat-linux
Configured with: ../configure --enable-bootstrap --enable-languages=c,c++,objc,obj-c++,fortran,ada,go,lto --prefix=/usr --mandir=/usr/share/man --infodir=/usr/share/info --with-bugurl=http://bugzilla.redhat.com/bugzilla --enable-shared --enable-threads=posix --enable-checking=release --enable-multilib --with-system-zlib --enable-__cxa_atexit --disable-libunwind-exceptions --enable-gnu-unique-object --enable-linker-build-id --with-linker-hash-style=gnu --enable-plugin --enable-initfini-array --disable-libgcj --with-isl --enable-libmpx --enable-gnu-indirect-function --with-tune=generic --with-arch_32=i686 --build=x86_64-redhat-linux
Thread model: posix
gcc version 6.4.1 20170727 (Red Hat 6.4.1-1) (GCC) 
configure:2784: $? = 0
configure:2773: gcc -V >&5
gcc: error: unrecognized command line option '-V'
gcc: fatal error: no input files
compilation terminated.
configure:2784: $? = 1
configure:2773: gcc -qversion >&5
gcc: error: unrecognized command line option '-qversion'; did you mean '--version'?
gcc: fatal error: no input files
compilation terminated.
configure:2784: $? = 1
configure:2804: checking whether the C compiler works
configure:2826: gcc  -I/usr/include/  conftest.c  >&5
configure:2830: $? = 0
configure:2878: result: yes
configure:2881: checking for C compiler default output file name
configure:2883: result: a.out
configure:2889: checking for suffix of executables
configure:2896: gcc -o conftest  -I/usr/include/  conftest.c  >&5
configure:2900: $? = 0
configure:2922: result: 
configure:2944: checking whether we are cross compiling
configure:2952: gcc -o conftest  -I/usr/include/  conftest.c  >&5
configure:2956: $? = 0
configure:2963: ./conftest
configure:2967: $? = 0
configure:2982: result: no
configure:2987: checking for suffix of object files
configure:3009: gcc -c  -I/usr/include/ conftest.c >&5
configure:3013: $? = 0
configure:3034: result: o
configure:3038: checking whether we are using the GNU C compiler
configure:3057: gcc -c  -I/usr/include/ conftest.c >&5
configure:3057: $? = 0
configure:3066: result: yes
configure:3075: checking whether gcc accepts -g
configure:3095: gcc -c -g -I/usr/include/ conftest.c >&5
configure:3095: $? = 0
configure:3136: result: yes
configure:3153: checking for gcc option to accept ISO C89
configure:3216: gcc  -c -g -O2 -I/usr/include/ conftest.c >&5
configure:3216: $? = 0
configure:3229: result: none needed
configure:3254: checking whether gcc understands -c and -o together
configure:3276: gcc -c conftest.c -o conftest2.o
configure:3279: $? = 0
configure:3276: gcc -c conftest.c -o conftest2.o
configure:3279: $? = 0
configure:3291: result: yes
configure:3314: checking how to run the C preprocessor
configure:3345: gcc -E -I/usr/include/ conftest.c
configure:3345: $? = 0
configure:3359: gcc -E -I/usr/include/ conftest.c
conftest.c:9:28: fatal error: ac_nonexistent.h: No such file or directory
 #include <ac_nonexistent.h>
                            ^
compilation terminated.
configure:3359: $? = 1
configure: failed program was:
| /* confdefs.h */
| #define PACKAGE_NAME "gpvdm"
| #define PACKAGE_TARNAME "gpvdm"
| #define PACKAGE_VERSION "4.80"
| #define PACKAGE_STRING "gpvdm 4.80"
| #define PACKAGE_BUGREPORT ""
| #define PACKAGE_URL ""
| /* end confdefs.h.  */
| #include <ac_nonexistent.h>
configure:3384: result: gcc -E
configure:3404: gcc -E -I/usr/include/ conftest.c
configure:3404: $? = 0
configure:3418: gcc -E -I/usr/include/ conftest.c
conftest.c:9:28: fatal error: ac_nonexistent.h: No such file or directory
 #include <ac_nonexistent.h>
                            ^
compilation terminated.
configure:3418: $? = 1
configure: failed program was:
| /* confdefs.h */
| #define PACKAGE_NAME "gpvdm"
| #define PACKAGE_TARNAME "gpvdm"
| #define PACKAGE_VERSION "4.80"
| #define PACKAGE_STRING "gpvdm 4.80"
| #define PACKAGE_BUGREPORT ""
| #define PACKAGE_URL ""
| /* end confdefs.h.  */
| #include <ac_nonexistent.h>
configure:3447: checking for grep that handles long lines and -e
configure:3505: result: /usr/bin/grep
configure:3510: checking for egrep
configure:3572: result: /usr/bin/grep -E
configure:3577: checking for ANSI C header files
configure:3597: gcc -c -g -O2 -I/usr/include/ conftest.c >&5
configure:3597: $? = 0
configure:3670: gcc -o conftest -g -O2 -I/usr/include/  conftest.c  >&5
configure:3670: $? = 0
configure:3670: ./conftest
configure:3670: $? = 0
configure:3681: result: yes
configure:3694: checking for sys/types.h
configure:3694: gcc -c -g -O2 -I/usr/include/ conftest.c >&5
configure:3694: $? = 0
configure:3694: result: yes
configure:3694: checking for sys/stat.h
configure:3694: gcc -c -g -O2 -I/usr/include/ conftest.c >&5
configure:3694: $? = 0
configure:3694: result: yes
configure:3694: checking for stdlib.h
configure:3694: gcc -c -g -O2 -I/usr/include/ conftest.c >&5
configure:3694: $? = 0
configure:3694: result: yes
configure:3694: checking for string.h
configure:3694: gcc -c -g -O2 -I/usr/include/ conftest.c >&5
configure:3694: $? = 0
configure:3694: result: yes
configure:3694: checking for memory.h
configure:3694: gcc -c -g -O2 -I/usr/include/ conftest.c >&5
configure:3694: $? = 0
configure:3694: result: yes
configure:3694: checking for strings.h
configure:3694: gcc -c -g -O2 -I/usr/include/ conftest.c >&5
configure:3694: $? = 0
configure:3694: result: yes
configure:3694: checking for inttypes.h
configure:3694: gcc -c -g -O2 -I/usr/include/ conftest.c >&5
configure:3694: $? = 0
configure:3694: result: yes
configure:3694: checking for stdint.h
configure:3694: gcc -c -g -O2 -I/usr/include/ conftest.c >&5
configure:3694: $? = 0
configure:3694: result: yes
configure:3694: checking for unistd.h
configure:3694: gcc -c -g -O2 -I/usr/include/ conftest.c >&5
configure:3694: $? = 0
configure:3694: result: yes
configure:3759: *****************************
configure:3761: *Setting up config for linux*
configure:3763: *****************************
configure:3767: checking for main in -lzip
configure:3786: gcc -o conftest -g -O2 -I/usr/include/  conftest.c -lzip   >&5
configure:3786: $? = 0
configure:3795: result: yes
configure:3810: checking suitesparse/umfpack.h usability
configure:3810: gcc -c -g -O2 -I/usr/include/ conftest.c >&5
configure:3810: $? = 0
configure:3810: result: yes
configure:3810: checking suitesparse/umfpack.h presence
configure:3810: gcc -E -I/usr/include/ conftest.c
configure:3810: $? = 0
configure:3810: result: yes
configure:3810: checking for suitesparse/umfpack.h
configure:3810: result: yes
configure:3862: checking for main in -lmatheval
configure:3881: gcc -o conftest -g -O2 -I/usr/include/  conftest.c -lmatheval  -lumfpack -lm -lgsl -lgslcblas -rdynamic -export-dynamic -ldl -lzip -lz -g -ldbus-1 >&5
configure:3881: $? = 0
configure:3890: result: yes
configure:3959: checking for ranlib
configure:3975: found /usr/bin/ranlib
configure:3986: result: ranlib
configure:4024: checking for a BSD-compatible install
configure:4092: result: /usr/bin/install -c
configure:4103: checking whether build environment is sane
configure:4158: result: yes
configure:4306: checking for a thread-safe mkdir -p
configure:4345: result: /usr/bin/mkdir -p
configure:4352: checking for gawk
configure:4368: found /usr/bin/gawk
configure:4379: result: gawk
configure:4390: checking whether make sets $(MAKE)
configure:4412: result: yes
configure:4442: checking for style of include used by make
configure:4470: result: GNU
configure:4504: checking whether make supports nested variables
configure:4521: result: yes
configure:4606: checking dependency style of gcc
configure:4717: result: none
configure:4823: checking for gcc
configure:4850: result: gcc
configure:5079: checking for C compiler version
configure:5088: gcc --version >&5
gcc (GCC) 6.4.1 20170727 (Red Hat 6.4.1-1)
Copyright (C) 2017 Free Software Foundation, Inc.
This is free software; see the source for copying conditions.  There is NO
warranty; not even for MERCHANTABILITY or FITNESS FOR A PARTICULAR PURPOSE.

configure:5099: $? = 0
configure:5088: gcc -v >&5
Using built-in specs.
COLLECT_GCC=gcc
COLLECT_LTO_WRAPPER=/usr/libexec/gcc/x86_64-redhat-linux/6.4.1/lto-wrapper
Target: x86_64-redhat-linux
Configured with: ../configure --enable-bootstrap --enable-languages=c,c++,objc,obj-c++,fortran,ada,go,lto --prefix=/usr --mandir=/usr/share/man --infodir=/usr/share/info --with-bugurl=http://bugzilla.redhat.com/bugzilla --enable-shared --enable-threads=posix --enable-checking=release --enable-multilib --with-system-zlib --enable-__cxa_atexit --disable-libunwind-exceptions --enable-gnu-unique-object --enable-linker-build-id --with-linker-hash-style=gnu --enable-plugin --enable-initfini-array --disable-libgcj --with-isl --enable-libmpx --enable-gnu-indirect-function --with-tune=generic --with-arch_32=i686 --build=x86_64-redhat-linux
Thread model: posix
gcc version 6.4.1 20170727 (Red Hat 6.4.1-1) (GCC) 
configure:5099: $? = 0
configure:5088: gcc -V >&5
gcc: error: unrecognized command line option '-V'
gcc: fatal error: no input files
compilation terminated.
configure:5099: $? = 1
configure:5088: gcc -qversion >&5
gcc: error: unrecognized command line option '-qversion'; did you mean '--version'?
gcc: fatal error: no input files
compilation terminated.
configure:5099: $? = 1
configure:5103: checking whether we are using the GNU C compiler
configure:5131: result: yes
configure:5140: checking whether gcc accepts -g
configure:5201: result: yes
configure:5218: checking for gcc option to accept ISO C89
configure:5294: result: none needed
configure:5319: checking whether gcc understands -c and -o together
configure:5356: result: yes
configure:5415: checking for a Python interpreter with version >= 3.0
configure:5432: python -c import sys # split strings by '.' and convert to numeric. Append some zeros # because we need at least 4 digits for the hex conversion. # map returns an iterator in Python 3.0 and a list in 2.x minver = list(map(int, '3.0'.split('.'))) + [0, 0, 0] minverhex = 0 # xrange is not present in Python 3.0 and range returns an iterator for i in list(range(0, 4)): minverhex = (minverhex << 8) + minver[i] sys.exit(sys.hexversion < minverhex)
configure:5435: $? = 1
configure:5432: python2 -c import sys # split strings by '.' and convert to numeric. Append some zeros # because we need at least 4 digits for the hex conversion. # map returns an iterator in Python 3.0 and a list in 2.x minver = list(map(int, '3.0'.split('.'))) + [0, 0, 0] minverhex = 0 # xrange is not present in Python 3.0 and range returns an iterator for i in list(range(0, 4)): minverhex = (minverhex << 8) + minver[i] sys.exit(sys.hexversion < minverhex)
configure:5435: $? = 1
configure:5432: python3 -c import sys # split strings by '.' and convert to numeric. Append some zeros # because we need at least 4 digits for the hex conversion. # map returns an iterator in Python 3.0 and a list in 2.x minver = list(map(int, '3.0'.split('.'))) + [0, 0, 0] minverhex = 0 # xrange is not present in Python 3.0 and range returns an iterator for i in list(range(0, 4)): minverhex = (minverhex << 8) + minver[i] sys.exit(sys.hexversion < minverhex)
configure:5435: $? = 0
configure:5441: result: python3
configure:5449: checking for python3
configure:5467: found /usr/bin/python3
configure:5479: result: /usr/bin/python3
configure:5497: checking for python3 version
configure:5504: result: 3.5
configure:5516: checking for python3 platform
configure:5523: result: linux
configure:5549: checking for python3 script directory
configure:5584: result: ${prefix}/lib/python3.5/site-packages
configure:5593: checking for python3 extension module directory
configure:5628: result: ${exec_prefix}/lib64/python3.5/site-packages
configure:5644: checking for help2man
configure:5660: found /usr/bin/help2man
configure:5672: result: help2man
configure:5686: checking for xgettext
configure:5702: found /usr/bin/xgettext
configure:5714: result: xgettext
configure:5728: checking for rsvg-convert
configure:5744: found /usr/bin/rsvg-convert
configure:5756: result: yes
configure:5836: checking zip.h usability
configure:5836: gcc -c -g -O2 -I/usr/include/ conftest.c >&5
configure:5836: $? = 0
configure:5836: result: yes
configure:5836: checking zip.h presence
configure:5836: gcc -E -I/usr/include/ conftest.c
configure:5836: $? = 0
configure:5836: result: yes
configure:5836: checking for zip.h
configure:5836: result: yes
configure:5850: checking gsl/gsl_multimin.h usability
configure:5850: gcc -c -g -O2 -I/usr/include/ conftest.c >&5
configure:5850: $? = 0
configure:5850: result: yes
configure:5850: checking gsl/gsl_multimin.h presence
configure:5850: gcc -E -I/usr/include/ conftest.c
configure:5850: $? = 0
configure:5850: result: yes
configure:5850: checking for gsl/gsl_multimin.h
configure:5850: result: yes
configure:5865: checking for pkg-config
configure:5881: found /usr/bin/pkg-config
configure:5893: result: pkg-config
configure:5965: checking for ar
configure:5981: found /usr/bin/ar
configure:5992: result: ar
configure:6018: checking the archiver (ar) interface
configure:6034: gcc -c -g -O2 -I/usr/include/ conftest.c >&5
configure:6034: $? = 0
configure:6036: ar cru libconftest.a conftest.o >&5
configure:6039: $? = 0
configure:6067: result: ar
configure:6090: checking math.h usability
configure:6090: gcc -c -g -O2 -I/usr/include/ conftest.c >&5
configure:6090: $? = 0
configure:6090: result: yes
configure:6090: checking math.h presence
configure:6090: gcc -E -I/usr/include/ conftest.c
configure:6090: $? = 0
configure:6090: result: yes
configure:6090: checking for math.h
configure:6090: result: yes
configure:6102: checking for stdlib.h
configure:6102: result: yes
configure:6112: checking for GNU libc compatible malloc
configure:6136: gcc -o conftest -g -O2 -I/usr/include/  conftest.c -lmatheval -lumfpack -lm -lgsl -lgslcblas -rdynamic -export-dynamic -ldl -lzip -lz -g -ldbus-1 >&5
configure:6136: $? = 0
configure:6136: ./conftest
configure:6136: $? = 0
configure:6146: result: yes
configure:6169: checking for sqrt
configure:6169: gcc -o conftest -g -O2 -I/usr/include/  conftest.c -lmatheval -lumfpack -lm -lgsl -lgslcblas -rdynamic -export-dynamic -ldl -lzip -lz -g -ldbus-1 >&5
conftest.c:52:6: warning: conflicting types for built-in function 'sqrt'
 char sqrt ();
      ^~~~
configure:6169: $? = 0
configure:6169: result: yes
configure:6433: checking that generated files are newer than configure
configure:6439: result: done
configure:6462: creating ./config.status

## ---------------------- ##
## Running config.status. ##
## ---------------------- ##

This file was extended by gpvdm config.status 4.80, which was
generated by GNU Autoconf 2.69.  Invocation command line was

  CONFIG_FILES    = 
  CONFIG_HEADERS  = 
  CONFIG_LINKS    = 
  CONFIG_COMMANDS = 
  $ ./config.status 

on rodlinuxbox

config.status:868: creating Makefile
config.status:868: creating lang/Makefile
config.status:868: creating libi/Makefile
config.status:868: creating librpn/Makefile
config.status:868: creating libmemory/Makefile
config.status:868: creating libdos/Makefile
config.status:868: creating liblight/Makefile
config.status:868: creating libmeasure/Makefile
config.status:868: creating libcontacts/Makefile
config.status:868: creating lib/Makefile
config.status:868: creating libdump/Makefile
config.status:868: creating libdumpctrl/Makefile
config.status:868: creating libserver/Makefile
config.status:868: creating libmesh/Makefile
config.status:868: creating plugins/optics/Makefile
config.status:868: creating plugins/newton/Makefile
config.status:868: creating plugins/pulse/Makefile
config.status:868: creating plugins/fxdomain/Makefile
config.status:868: creating plugins/light_flat/Makefile
config.status:868: creating plugins/light_ray/Makefile
config.status:868: creating plugins/light_full/Makefile
config.status:868: creating plugins/newton_2d/Makefile
config.status:868: creating plugins/photon_extraction/Makefile
config.status:868: creating plugins/jv/Makefile
config.status:868: creating plugins/light_exp/Makefile
config.status:868: creating plugins/umfpack/Makefile
config.status:868: creating plugins/equilibrium/Makefile
config.status:868: creating plugins/light_fromfile/Makefile
config.status:868: creating plugins/newton_norm/Makefile
config.status:868: creating src/Makefile
config.status:868: creating images/16x16/Makefile
config.status:868: creating images/32x32/Makefile
config.status:868: creating images/48x32/Makefile
config.status:868: creating images/64x64/Makefile
config.status:868: creating css/Makefile
config.status:868: creating man/Makefile
config.status:1040: executing depfiles commands
configure:7627: gpvdm build finished.

## ---------------- ##
## Cache variables. ##
## ---------------- ##

ac_cv_build=x86_64-unknown-linux-gnu
ac_cv_c_compiler_gnu=yes
ac_cv_env_CC_set=
ac_cv_env_CC_value=
ac_cv_env_CFLAGS_set=
ac_cv_env_CFLAGS_value=
ac_cv_env_CPPFLAGS_set=set
ac_cv_env_CPPFLAGS_value=-I/usr/include/
ac_cv_env_CPP_set=
ac_cv_env_CPP_value=
ac_cv_env_LDFLAGS_set=
ac_cv_env_LDFLAGS_value=
ac_cv_env_LIBS_set=
ac_cv_env_LIBS_value=
ac_cv_env_PYTHON_set=
ac_cv_env_PYTHON_value=
ac_cv_env_build_alias_set=
ac_cv_env_build_alias_value=
ac_cv_env_host_alias_set=
ac_cv_env_host_alias_value=
ac_cv_env_target_alias_set=
ac_cv_env_target_alias_value=
ac_cv_func_malloc_0_nonnull=yes
ac_cv_func_sqrt=yes
ac_cv_header_gsl_gsl_multimin_h=yes
ac_cv_header_inttypes_h=yes
ac_cv_header_math_h=yes
ac_cv_header_memory_h=yes
ac_cv_header_stdc=yes
ac_cv_header_stdint_h=yes
ac_cv_header_stdlib_h=yes
ac_cv_header_string_h=yes
ac_cv_header_strings_h=yes
ac_cv_header_suitesparse_umfpack_h=yes
ac_cv_header_sys_stat_h=yes
ac_cv_header_sys_types_h=yes
ac_cv_header_unistd_h=yes
ac_cv_header_zip_h=yes
ac_cv_host=x86_64-unknown-linux-gnu
ac_cv_lib_matheval_main=yes
ac_cv_lib_zip_main=yes
ac_cv_objext=o
ac_cv_path_EGREP='/usr/bin/grep -E'
ac_cv_path_GREP=/usr/bin/grep
ac_cv_path_PYTHON=/usr/bin/python3
ac_cv_path_install='/usr/bin/install -c'
ac_cv_path_mkdir=/usr/bin/mkdir
ac_cv_prog_AWK=gawk
ac_cv_prog_CPP='gcc -E'
ac_cv_prog_PKG_CONFIG=pkg-config
ac_cv_prog_PKG_HELP2MAN=help2man
ac_cv_prog_PKG_RSGV=yes
ac_cv_prog_PKG_XGETTEXT=xgettext
ac_cv_prog_ac_ct_AR=ar
ac_cv_prog_ac_ct_CC=gcc
ac_cv_prog_ac_ct_RANLIB=ranlib
ac_cv_prog_cc_c89=
ac_cv_prog_cc_g=yes
ac_cv_prog_make_make_set=yes
ac_cv_target=x86_64-unknown-linux-gnu
am_cv_CC_dependencies_compiler_type=none
am_cv_ar_interface=ar
am_cv_make_support_nested_variables=yes
am_cv_pathless_PYTHON=python3
am_cv_prog_cc_c_o=yes
am_cv_python_platform=linux
am_cv_python_pyexecdir='${exec_prefix}/lib64/python3.5/site-packages'
am_cv_python_pythondir='${prefix}/lib/python3.5/site-packages'
am_cv_python_version=3.5

## ----------------- ##
## Output variables. ##
## ----------------- ##

ACLOCAL='${SHELL} /home/rod/test/gpvdm4.97/pub/build/raw_code/missing aclocal-1.15'
AMDEPBACKSLASH='\'
AMDEP_FALSE='#'
AMDEP_TRUE=''
AMTAR='$${TAR-tar}'
AM_BACKSLASH='\'
AM_DEFAULT_V='$(AM_DEFAULT_VERBOSITY)'
AM_DEFAULT_VERBOSITY='1'
AM_V='$(V)'
AR='ar'
AUTOCONF='${SHELL} /home/rod/test/gpvdm4.97/pub/build/raw_code/missing autoconf'
AUTOHEADER='${SHELL} /home/rod/test/gpvdm4.97/pub/build/raw_code/missing autoheader'
AUTOMAKE='${SHELL} /home/rod/test/gpvdm4.97/pub/build/raw_code/missing automake-1.15'
AWK='gawk'
BUILD_DIRS=' lang libi librpn libmemory libdos liblight libmeasure libcontacts lib libdump libdumpctrl libserver libmesh plugins/optics plugins/newton plugins/pulse plugins/fxdomain plugins/light_flat plugins/light_ray plugins/light_full plugins/newton_2d plugins/photon_extraction plugins/jv plugins/light_exp plugins/umfpack plugins/equilibrium plugins/light_fromfile plugins/newton_norm src images/16x16 images/32x32 images/48x32 images/64x64 css man '
CC='gcc'
CCDEPMODE='depmode=none'
CFLAGS='-g -O2'
COMPILE_FLAG='-D enable_fit -D enable_server -g -fPIC -I/usr/include/dbus-1.0 -I/usr/lib64/dbus-1.0/include -D dbus '
CPP='gcc -E'
CPPFLAGS='-I/usr/include/'
CYGPATH_W='echo'
DEFS='-DPACKAGE_NAME=\"gpvdm\" -DPACKAGE_TARNAME=\"gpvdm\" -DPACKAGE_VERSION=\"4.80\" -DPACKAGE_STRING=\"gpvdm\ 4.80\" -DPACKAGE_BUGREPORT=\"\" -DPACKAGE_URL=\"\" -DSTDC_HEADERS=1 -DHAVE_SYS_TYPES_H=1 -DHAVE_SYS_STAT_H=1 -DHAVE_STDLIB_H=1 -DHAVE_STRING_H=1 -DHAVE_MEMORY_H=1 -DHAVE_STRINGS_H=1 -DHAVE_INTTYPES_H=1 -DHAVE_STDINT_H=1 -DHAVE_UNISTD_H=1 -DHAVE_LIBZIP=1 -DHAVE_SUITESPARSE_UMFPACK_H=1 -DHAVE_LIBMATHEVAL=1 -DPACKAGE=\"gpvdm\" -DVERSION=\"4.80\" -DHAVE_ZIP_H=1 -DHAVE_GSL_GSL_MULTIMIN_H=1 -DHAVE_MATH_H=1 -DHAVE_STDLIB_H=1 -DHAVE_MALLOC=1 -DHAVE_SQRT=1'
DEPDIR='.deps'
DLIB_EXT='so'
DLL_COMPILE='-fPIC'
DLL_DEBUG='-Wall -g'
DLL_LINKER=' -Wl,-soname,plugin.so'
ECHO_C=''
ECHO_N='-n'
ECHO_T=''
EGREP='/usr/bin/grep -E'
EXEEXT=''
EXE_EXT=''
GREP='/usr/bin/grep'
IMAGE_CONVERT_16='rsvg-convert -w 16 -h 16 $< > '
IMAGE_CONVERT_32='rsvg-convert -w 32 -h 32 $< > '
IMAGE_CONVERT_64='rsvg-convert -w 64 -h 64 $< > '
IMAGE_CONVERT_FLAG='rsvg-convert -w 48 -h 32 $< > '
INCLUDE_DESKTOP_FALSE='#'
INCLUDE_DESKTOP_TRUE=''
INCLUDE_IMAGES_FALSE='#'
INCLUDE_IMAGES_TRUE=''
INCLUDE_MAN_FALSE='#'
INCLUDE_MAN_TRUE=''
INCLUDE_PLOTS_FALSE='#'
INCLUDE_PLOTS_TRUE=''
INSTALL_DATA='${INSTALL} -m 644'
INSTALL_PROGRAM='${INSTALL}'
INSTALL_SCRIPT='${INSTALL}'
INSTALL_STRIP_PROGRAM='$(install_sh) -c -s'
LDFLAGS=''
LIBOBJS=''
LIBS='-lmatheval -lumfpack -lm -lgsl -lgslcblas -rdynamic -export-dynamic -ldl -lzip -lz -g -ldbus-1'
LINK_FLAG=''
LOCAL_LINK=' -lgpvdm_i -lgpvdm_rpn -lgpvdm_memory -lgpvdm_dos -lgpvdm_light -lgpvdm_measure -lgpvdm_contacts -lgpvdm_lib -lgpvdm_dump -lgpvdm_dumpctrl -lgpvdm_server -lgpvdm_mesh'
LTLIBOBJS=''
MAKEINFO='${SHELL} /home/rod/test/gpvdm4.97/pub/build/raw_code/missing makeinfo'
MKDIR_P='/usr/bin/mkdir -p'
OBJEXT='o'
PACKAGE='gpvdm'
PACKAGE_BUGREPORT=''
PACKAGE_NAME='gpvdm'
PACKAGE_STRING='gpvdm 4.80'
PACKAGE_TARNAME='gpvdm'
PACKAGE_URL=''
PACKAGE_VERSION='4.80'
PATH_SEPARATOR=':'
PKG_CONFIG='pkg-config'
PKG_HELP2MAN='help2man'
PKG_IMAGEMAGICK=''
PKG_RSGV='yes'
PKG_XGETTEXT='xgettext'
PYTHON='/usr/bin/python3'
PYTHON_EXEC_PREFIX='${exec_prefix}'
PYTHON_PLATFORM='linux'
PYTHON_PREFIX='${prefix}'
PYTHON_VERSION='3.5'
RANLIB='ranlib'
SET_MAKE=''
SHELL='/bin/sh'
SLIB_EXT='a'
STRIP=''
VERSION='4.80'
WIN_ICON=''
WIN_RES_FILE=''
ac_ct_AR='ar'
ac_ct_CC='gcc'
am__EXEEXT_FALSE=''
am__EXEEXT_TRUE='#'
am__fastdepCC_FALSE=''
am__fastdepCC_TRUE='#'
am__include='include'
am__isrc=''
am__leading_dot='.'
am__nodep='_no'
am__quote=''
am__tar='$${TAR-tar} chof - "$$tardir"'
am__untar='$${TAR-tar} xf -'
bindir='${exec_prefix}/bin'
build='x86_64-unknown-linux-gnu'
build_alias=''
build_cpu='x86_64'
build_os='linux-gnu'
build_vendor='unknown'
datadir='${datarootdir}'
datarootdir='${prefix}/share'
docdir='${datarootdir}/doc/${PACKAGE_TARNAME}'
dvidir='${docdir}'
exec_prefix='${prefix}'
host='x86_64-unknown-linux-gnu'
host_alias=''
host_cpu='x86_64'
host_os='linux-gnu'
host_vendor='unknown'
htmldir='${docdir}'
includedir='${prefix}/include'
infodir='${datarootdir}/info'
install_sh='${SHELL} /home/rod/test/gpvdm4.97/pub/build/raw_code/install-sh'
libdir='${exec_prefix}/lib'
libexecdir='${exec_prefix}/libexec'
localedir='${datarootdir}/locale'
localstatedir='${prefix}/var'
mandir='${datarootdir}/man'
mkdir_p='$(MKDIR_P)'
oldincludedir='/usr/include'
pdfdir='${docdir}'
pkgpyexecdir='${pyexecdir}/gpvdm'
pkgpythondir='${pythondir}/gpvdm'
prefix='/usr/local'
program_transform_name='s,x,x,'
psdir='${docdir}'
pyexecdir='${exec_prefix}/lib64/python3.5/site-packages'
pythondir='${prefix}/lib/python3.5/site-packages'
sbindir='${exec_prefix}/sbin'
sharedstatedir='${prefix}/com'
sysconfdir='${prefix}/etc'
target='x86_64-unknown-linux-gnu'
target_alias=''
target_cpu='x86_64'
target_os='linux-gnu'
target_vendor='unknown'

## ----------- ##
## confdefs.h. ##
## ----------- ##

/* confdefs.h */
#define PACKAGE_NAME "gpvdm"
#define PACKAGE_TARNAME "gpvdm"
#define PACKAGE_VERSION "4.80"
#define PACKAGE_STRING "gpvdm 4.80"
#define PACKAGE_BUGREPORT ""
#define PACKAGE_URL ""
#define STDC_HEADERS 1
#define HAVE_SYS_TYPES_H 1
#define HAVE_SYS_STAT_H 1
#define HAVE_STDLIB_H 1
#define HAVE_STRING_H 1
#define HAVE_MEMORY_H 1
#define HAVE_STRINGS_H 1
#define HAVE_INTTYPES_H 1
#define HAVE_STDINT_H 1
#define HAVE_UNISTD_H 1
#define HAVE_LIBZIP 1
#define HAVE_SUITESPARSE_UMFPACK_H 1
#define HAVE_LIBMATHEVAL 1
#define PACKAGE "gpvdm"
#define VERSION "4.80"
#define HAVE_ZIP_H 1
#define HAVE_GSL_GSL_MULTIMIN_H 1
#define HAVE_MATH_H 1
#define HAVE_STDLIB_H 1
#define HAVE_MALLOC 1
#define HAVE_SQRT 1

configure: exit 0
